<?xml version="1.0" encoding="UTF-8"?>
<!-- Generated by org.testng.reporters.JUnitXMLReporter -->
<testsuite hostname="DESKTOP-EVV4RUL" ignored="1" name="Car Laon" tests="3" failures="1" timestamp="30 Oct 2018 15:39:10 GMT" time="0.016" errors="0">
  <testcase name="Register" time="0.003" classname="test.day3">
    <failure type="java.lang.AssertionError" message="expected [some] but found [Some]">
      <![CDATA[java.lang.AssertionError: expected [some] but found [Some]
at test.day3.Register(day3.java:21)
... Removed 31 stack frames]]>
    </failure>
  </testcase> <!-- Register -->
  <testcase name="Login" time="0.002" classname="test.day4"/>
  <testcase name="Register" time="0.001" classname="test.day4"/>
  <testcase name="Login" time="0.0" classname="test.day3">
    <ignored/>
  </testcase> <!-- Login -->
</testsuite> <!-- Car Laon -->
